0 info it worked if it ends with ok
1 verbose cli [ 'C:\\Program Files\\nodejs\\node.exe',
1 verbose cli   'C:\\Program Files\\nodejs\\node_modules\\npm\\bin\\npm-cli.js',
1 verbose cli   'install',
1 verbose cli   'sass-loader@3.1.2',
1 verbose cli   'n' ]
2 info using npm@3.10.10
3 info using node@v6.9.4
4 silly loadCurrentTree Starting
5 silly install loadCurrentTree
6 silly install readLocalPackageData
7 silly fetchPackageMetaData sass-loader@3.1.2
8 silly fetchPackageMetaData n
9 silly fetchNamedPackageData sass-loader
10 silly mapToRegistry name sass-loader
11 silly mapToRegistry using default registry
12 silly mapToRegistry registry https://registry.npmjs.org/
13 silly mapToRegistry data Result {
13 silly mapToRegistry   raw: 'sass-loader',
13 silly mapToRegistry   scope: null,
13 silly mapToRegistry   escapedName: 'sass-loader',
13 silly mapToRegistry   name: 'sass-loader',
13 silly mapToRegistry   rawSpec: '',
13 silly mapToRegistry   spec: 'latest',
13 silly mapToRegistry   type: 'tag' }
14 silly mapToRegistry uri https://registry.npmjs.org/sass-loader
15 silly fetchNamedPackageData n
16 silly mapToRegistry name n
17 silly mapToRegistry using default registry
18 silly mapToRegistry registry https://registry.npmjs.org/
19 silly mapToRegistry data Result {
19 silly mapToRegistry   raw: 'n',
19 silly mapToRegistry   scope: null,
19 silly mapToRegistry   escapedName: 'n',
19 silly mapToRegistry   name: 'n',
19 silly mapToRegistry   rawSpec: '',
19 silly mapToRegistry   spec: 'latest',
19 silly mapToRegistry   type: 'tag' }
20 silly mapToRegistry uri https://registry.npmjs.org/n
21 verbose request uri https://registry.npmjs.org/n
22 verbose request no auth needed
23 info attempt registry request try #1 at 00:38:03
24 verbose request id e2a4ed4417cf9589
25 http request GET https://registry.npmjs.org/n
26 verbose request uri https://registry.npmjs.org/sass-loader
27 verbose request no auth needed
28 info attempt registry request try #1 at 00:38:03
29 verbose etag W/"587e266d-10062"
30 verbose lastModified Tue, 17 Jan 2017 14:13:01 GMT
31 http request GET https://registry.npmjs.org/sass-loader
32 http 304 https://registry.npmjs.org/sass-loader
33 verbose headers { date: 'Thu, 19 Jan 2017 08:38:04 GMT',
33 verbose headers   via: '1.1 varnish',
33 verbose headers   'cache-control': 'max-age=300',
33 verbose headers   etag: 'W/"587e266d-10062"',
33 verbose headers   age: '23',
33 verbose headers   connection: 'keep-alive',
33 verbose headers   'x-served-by': 'cache-lax8650-LAX',
33 verbose headers   'x-cache': 'HIT',
33 verbose headers   'x-cache-hits': '1',
33 verbose headers   'x-timer': 'S1484815084.782567,VS0,VE0',
33 verbose headers   vary: 'Accept-Encoding' }
34 silly get cb [ 304,
34 silly get   { date: 'Thu, 19 Jan 2017 08:38:04 GMT',
34 silly get     via: '1.1 varnish',
34 silly get     'cache-control': 'max-age=300',
34 silly get     etag: 'W/"587e266d-10062"',
34 silly get     age: '23',
34 silly get     connection: 'keep-alive',
34 silly get     'x-served-by': 'cache-lax8650-LAX',
34 silly get     'x-cache': 'HIT',
34 silly get     'x-cache-hits': '1',
34 silly get     'x-timer': 'S1484815084.782567,VS0,VE0',
34 silly get     vary: 'Accept-Encoding' } ]
35 verbose etag https://registry.npmjs.org/sass-loader from cache
36 verbose get saving sass-loader to C:\Users\LK\AppData\Roaming\npm-cache\registry.npmjs.org\sass-loader\.cache.json
37 verbose correctMkdir C:\Users\LK\AppData\Roaming\npm-cache correctMkdir not in flight; initializing
38 http 200 https://registry.npmjs.org/n
39 verbose headers { server: 'nginx/1.10.1',
39 verbose headers   'content-type': 'application/json',
39 verbose headers   'last-modified': 'Tue, 17 Jan 2017 07:27:31 GMT',
39 verbose headers   etag: 'W/"587dc763-fa44"',
39 verbose headers   'content-encoding': 'gzip',
39 verbose headers   'cache-control': 'max-age=300',
39 verbose headers   'content-length': '10728',
39 verbose headers   'accept-ranges': 'bytes',
39 verbose headers   date: 'Thu, 19 Jan 2017 08:38:04 GMT',
39 verbose headers   via: '1.1 varnish',
39 verbose headers   age: '137',
39 verbose headers   connection: 'keep-alive',
39 verbose headers   'x-served-by': 'cache-lax8625-LAX',
39 verbose headers   'x-cache': 'HIT',
39 verbose headers   'x-cache-hits': '1',
39 verbose headers   'x-timer': 'S1484815084.811694,VS0,VE0',
39 verbose headers   vary: 'Accept-Encoding' }
40 silly get cb [ 200,
40 silly get   { server: 'nginx/1.10.1',
40 silly get     'content-type': 'application/json',
40 silly get     'last-modified': 'Tue, 17 Jan 2017 07:27:31 GMT',
40 silly get     etag: 'W/"587dc763-fa44"',
40 silly get     'content-encoding': 'gzip',
40 silly get     'cache-control': 'max-age=300',
40 silly get     'content-length': '10728',
40 silly get     'accept-ranges': 'bytes',
40 silly get     date: 'Thu, 19 Jan 2017 08:38:04 GMT',
40 silly get     via: '1.1 varnish',
40 silly get     age: '137',
40 silly get     connection: 'keep-alive',
40 silly get     'x-served-by': 'cache-lax8625-LAX',
40 silly get     'x-cache': 'HIT',
40 silly get     'x-cache-hits': '1',
40 silly get     'x-timer': 'S1484815084.811694,VS0,VE0',
40 silly get     vary: 'Accept-Encoding' } ]
41 verbose get saving n to C:\Users\LK\AppData\Roaming\npm-cache\registry.npmjs.org\n\.cache.json
42 verbose correctMkdir C:\Users\LK\AppData\Roaming\npm-cache correctMkdir not in flight; initializing
43 silly install normalizeTree
44 silly loadCurrentTree Finishing
45 silly loadIdealTree Starting
46 silly install loadIdealTree
47 silly cloneCurrentTree Starting
48 silly install cloneCurrentTreeToIdealTree
49 silly cloneCurrentTree Finishing
50 silly loadShrinkwrap Starting
51 silly install loadShrinkwrap
52 silly loadShrinkwrap Finishing
53 silly loadAllDepsIntoIdealTree Starting
54 silly install loadAllDepsIntoIdealTree
55 silly rollbackFailedOptional Starting
56 silly rollbackFailedOptional Finishing
57 silly runTopLevelLifecycles Finishing
58 silly install printInstalled
59 verbose stack Error: Unsupported platform for n@2.1.4: wanted {"name":"n","description":"Interactively Manage All Your Node Versions","version":"2.1.4","author":{"name":"TJ Holowaychuk","email":"tj@vision-media.ca"},"homepage":"https://github.com/tj/n","bugs":{"url":"https://github.com/tj/n/issues"},"contributors":[{"name":"Travis Webb","email":"me@traviswebb.com","url":"tjw.io"},{"name":"Nimit Kalra","email":"me@nimit.io","url":"http://nimit.io"},{"name":"Troy Connor","email":"troy0820@gmail.com","url":"https://github.com/troy0820"}],"keywords":["nvm","node","version","manager","switcher","node","binary","env"],"bin":{"n":"./bin/n"},"repository":{"type":"git","url":"git://github.com/tj/n.git"},"preferGlobal":true,"os":["!win32"],"engines":{"node":"*"},"license":"MIT","gitHead":"ff9ba303d972069903c0f951ece43f47adce24e8","_id":"n@2.1.4","scripts":{},"_shasum":"7546bc467a120cc96718f2716cd86c43290f94c5","_from":"n","_npmVersion":"3.10.3","_nodeVersion":"6.3.1","_npmUser":{"name":"qw3rtman","email":"me@nimit.io"},"dist":{"shasum":"7546bc467a120cc96718f2716cd86c43290f94c5","tarball":"https://registry.npmjs.org/n/-/n-2.1.4.tgz"},"maintainers":[{"name":"bat","email":"ben@benatkin.com"},{"name":"qw3rtman","email":"nimit@nimitkalra.com"},{"name":"tedgaydos","email":"tedgaydos@gmail.com"},{"name":"tjholowaychuk","email":"tj@vision-media.ca"},{"name":"tjwebb","email":"me@traviswebb.com"},{"name":"troy0820","email":"troy.connor@yahoo.com"}],"_npmOperationalInternal":{"host":"packages-16-east.internal.npmjs.com","tmp":"tmp/n-2.1.4.tgz_1470600124670_0.21058935346081853"},"directories":{},"_resolved":"https://registry.npmjs.org/n/-/n-2.1.4.tgz","_requested":{"raw":"n","scope":null,"escapedName":"n","name":"n","rawSpec":"","spec":"latest","type":"tag"},"_spec":"n","_where":"C:\\Users\\LK\\Desktop\\React\\react-5-3-creating-pages - weather API call completed","_args":[[{"raw":"n","scope":null,"escapedName":"n","name":"n","rawSpec":"","spec":"latest","type":"tag"},"C:\\Users\\LK\\Desktop\\React\\react-5-3-creating-pages - weather API call completed"]],"readme":"ERROR: No README data found!"} (current: {"os":"win32","cpu":"x64"})
59 verbose stack     at checkPlatform (C:\Program Files\nodejs\node_modules\npm\node_modules\npm-install-checks\index.js:45:14)
59 verbose stack     at thenWarnEngineIssues (C:\Program Files\nodejs\node_modules\npm\lib\install\validate-args.js:41:5)
59 verbose stack     at C:\Program Files\nodejs\node_modules\npm\node_modules\iferr\index.js:13:50
59 verbose stack     at checkEngine (C:\Program Files\nodejs\node_modules\npm\node_modules\npm-install-checks\index.js:24:10)
59 verbose stack     at module.exports.isInstallable (C:\Program Files\nodejs\node_modules\npm\lib\install\validate-args.js:38:3)
59 verbose stack     at Array.<anonymous> (C:\Program Files\nodejs\node_modules\npm\node_modules\slide\lib\bind-actor.js:15:8)
59 verbose stack     at LOOP (C:\Program Files\nodejs\node_modules\npm\node_modules\slide\lib\chain.js:15:14)
59 verbose stack     at C:\Program Files\nodejs\node_modules\npm\node_modules\slide\lib\chain.js:18:7
59 verbose stack     at checkSelf (C:\Program Files\nodejs\node_modules\npm\lib\install\validate-args.js:46:72)
59 verbose stack     at Array.<anonymous> (C:\Program Files\nodejs\node_modules\npm\node_modules\slide\lib\bind-actor.js:15:8)
60 verbose pkgid n@2.1.4
61 verbose cwd C:\Users\LK\Desktop\React\react-5-3-creating-pages - weather API call completed
62 error Windows_NT 10.0.14393
63 error argv "C:\\Program Files\\nodejs\\node.exe" "C:\\Program Files\\nodejs\\node_modules\\npm\\bin\\npm-cli.js" "install" "sass-loader@3.1.2" "n"
64 error node v6.9.4
65 error npm  v3.10.10
66 error code EBADPLATFORM
67 error notsup Unsupported platform for n@2.1.4: wanted {"os":"!win32","arch":"any"} (current: {"os":"win32","arch":"x64"})
68 error notsup Valid OS:    !win32
68 error notsup Valid Arch:  any
68 error notsup Actual OS:   win32
68 error notsup Actual Arch: x64
69 verbose exit [ 1, true ]
